<?xml version="1.0" encoding="UTF-8"?>
<!-- Generated by org.testng.reporters.JUnitReportReporter -->
<testsuite hostname="LAPTOP-N5G9HFCF" failures="0" tests="3" name="assignment4.ApiTest" time="1.823" errors="0" timestamp="2024-12-03T06:36:39 IST" skipped="0">
  <testcase classname="assignment4.ApiTest" name="testPostRequest" time="0.460"/>
  <system-out/>
  <testcase classname="assignment4.ApiTest" name="testAllPosts" time="1.300"/>
  <system-out/>
  <testcase classname="assignment4.ApiTest" name="testGetRequest" time="0.063"/>
  <system-out/>
</testsuite> <!-- assignment4.ApiTest -->
